<?xml version="1.0" encoding="UTF-8"?>
<!-- Generated by org.testng.reporters.JUnitReportReporter -->
<testsuite hostname="Skillray" name="scripts.ValidGmailLogin" tests="1" failures="0" timestamp="12 Jun 2020 08:51:15 GMT" time="16.932" errors="0">
  <testcase name="loginwithgmail" time="16.932" classname="scripts.ValidGmailLogin"/>
</testsuite> <!-- scripts.ValidGmailLogin -->
