<?xml version="1.0" encoding="UTF-8"?>
<!-- Generated by org.testng.reporters.JUnitReportReporter -->
<testsuite hostname="Skillray" name="scripts.ValidTwitterLogin" tests="1" failures="0" timestamp="12 Jun 2020 08:51:15 GMT" time="18.468" errors="0">
  <testcase name="loginwithtwitter" time="18.468" classname="scripts.ValidTwitterLogin"/>
</testsuite> <!-- scripts.ValidTwitterLogin -->
