<?xml version="1.0" encoding="UTF-8"?>
<!-- Generated by org.testng.reporters.JUnitReportReporter -->
<testsuite hostname="Skillray" name="scripts.Serachingforcourse" tests="1" failures="0" timestamp="12 Jun 2020 11:43:38 GMT" time="31.070" errors="0">
  <testcase name="serachingcource" time="31.070" classname="scripts.Serachingforcourse"/>
</testsuite> <!-- scripts.Serachingforcourse -->
