<?xml version="1.0" encoding="UTF-8"?>
<!-- Generated by org.testng.reporters.JUnitReportReporter -->
<testsuite hostname="Skillray" name="scripts.ValidFacebooklogin" tests="1" failures="0" timestamp="12 Jun 2020 08:51:15 GMT" time="18.119" errors="0">
  <testcase name="loginwithfacebook" time="18.119" classname="scripts.ValidFacebooklogin"/>
</testsuite> <!-- scripts.ValidFacebooklogin -->
