<?xml version="1.0" encoding="UTF-8"?>
<!-- Generated by org.testng.reporters.JUnitReportReporter -->
<testsuite hostname="Skillray" name="scripts.ValidSignin" tests="1" failures="0" timestamp="12 Jun 2020 08:51:15 GMT" time="32.377" errors="0">
  <testcase name="sigin" time="32.377" classname="scripts.ValidSignin"/>
</testsuite> <!-- scripts.ValidSignin -->
