<?xml version="1.0" encoding="UTF-8"?>
<!-- Generated by org.testng.reporters.JUnitReportReporter -->
<testsuite hostname="Skillray" name="scripts.TakeingCource" tests="1" failures="0" timestamp="12 Jun 2020 11:43:38 GMT" time="45.023" errors="0">
  <testcase name="courcetaken" time="45.023" classname="scripts.TakeingCource"/>
</testsuite> <!-- scripts.TakeingCource -->
